mode: set
github.com/wil-ckaew/gofinance-backend/util/auth.go:16.58,20.43 3 0
github.com/wil-ckaew/gofinance-backend/util/auth.go:20.43,22.4 1 0
github.com/wil-ckaew/gofinance-backend/util/auth.go:24.2,24.16 1 0
github.com/wil-ckaew/gofinance-backend/util/auth.go:24.16,25.37 1 0
github.com/wil-ckaew/gofinance-backend/util/auth.go:25.37,28.4 2 0
github.com/wil-ckaew/gofinance-backend/util/auth.go:29.3,30.13 2 0
github.com/wil-ckaew/gofinance-backend/util/auth.go:33.2,33.23 1 0
github.com/wil-ckaew/gofinance-backend/util/auth.go:33.23,36.3 2 0
github.com/wil-ckaew/gofinance-backend/util/auth.go:38.2,39.12 2 0
github.com/wil-ckaew/gofinance-backend/util/auth.go:42.56,47.29 5 0
github.com/wil-ckaew/gofinance-backend/util/auth.go:47.29,49.3 1 0
github.com/wil-ckaew/gofinance-backend/util/auth.go:50.2,50.12 1 0
github.com/wil-ckaew/gofinance-backend/util/random.go:12.13,14.2 1 0
github.com/wil-ckaew/gofinance-backend/util/random.go:16.38,20.30 3 0
github.com/wil-ckaew/gofinance-backend/util/random.go:20.30,23.3 2 0
github.com/wil-ckaew/gofinance-backend/util/random.go:25.2,25.20 1 0
github.com/wil-ckaew/gofinance-backend/util/random.go:28.37,30.2 1 0
